{"action": "suite_start", "pid": 89312, "source": "jittests", "tests": [], "thread": "main", "time": 1781308503.845611}
{"action": "test_start", "jitflags": "", "pid": 89313, "source": "jittests", "test": "basic/bug908915.js", "thread": "main", "time": 1781308503.8465328}
{"action": "test_end", "extra": {"jitflags": "", "pid": 89313}, "jitflags": "", "message": "Success", "pid": 89313, "source": "jittests", "status": "PASS", "test": "basic/bug908915.js", "thread": "main", "time": 1781308504.81806}
{"action": "test_start", "jitflags": "--ion-eager --ion-offthread-compile=off --more-compartments", "pid": 89384, "source": "jittests", "test": "basic/bug908915.js", "thread": "main", "time": 1781308504.818641}
{"action": "test_end", "extra": {"jitflags": "--ion-eager --ion-offthread-compile=off --more-compartments", "pid": 89384}, "jitflags": "--ion-eager --ion-offthread-compile=off --more-compartments", "message": "Success", "pid": 89384, "source": "jittests", "status": "PASS", "test": "basic/bug908915.js", "thread": "main", "time": 1781308505.744127}
{"action": "test_start", "jitflags": "--ion-eager --ion-offthread-compile=off --ion-check-range-analysis --ion-extra-checks --no-sse3 --no-threads", "pid": 89417, "source": "jittests", "test": "basic/bug908915.js", "thread": "main", "time": 1781308505.7447329}
{"action": "test_end", "extra": {"jitflags": "--ion-eager --ion-offthread-compile=off --ion-check-range-analysis --ion-extra-checks --no-sse3 --no-threads", "pid": 89417}, "jitflags": "--ion-eager --ion-offthread-compile=off --ion-check-range-analysis --ion-extra-checks --no-sse3 --no-threads", "message": "Success", "pid": 89417, "source": "jittests", "status": "PASS", "test": "basic/bug908915.js", "thread": "main", "time": 1781308506.589057}
{"action": "test_start", "jitflags": "--baseline-eager --write-protect-code=off", "pid": 89466, "source": "jittests", "test": "basic/bug908915.js", "thread": "main", "time": 1781308506.5895808}
{"action": "test_end", "extra": {"jitflags": "--baseline-eager --write-protect-code=off", "pid": 89466}, "jitflags": "--baseline-eager --write-protect-code=off", "message": "Success", "pid": 89466, "source": "jittests", "status": "PASS", "test": "basic/bug908915.js", "thread": "main", "time": 1781308507.438928}
{"action": "test_start", "jitflags": "--no-blinterp --no-baseline --no-ion --more-compartments", "pid": 89496, "source": "jittests", "test": "basic/bug908915.js", "thread": "main", "time": 1781308507.439439}
{"action": "test_end", "extra": {"jitflags": "--no-blinterp --no-baseline --no-ion --more-compartments", "pid": 89496}, "jitflags": "--no-blinterp --no-baseline --no-ion --more-compartments", "message": "Success", "pid": 89496, "source": "jittests", "status": "PASS", "test": "basic/bug908915.js", "thread": "main", "time": 1781308508.329904}
{"action": "test_start", "jitflags": "--blinterp-eager", "pid": 89551, "source": "jittests", "test": "basic/bug908915.js", "thread": "main", "time": 1781308508.330416}
{"action": "test_end", "extra": {"jitflags": "--blinterp-eager", "pid": 89551}, "jitflags": "--blinterp-eager", "message": "Success", "pid": 89551, "source": "jittests", "status": "PASS", "test": "basic/bug908915.js", "thread": "main", "time": 1781308509.15488}
{"action": "suite_end", "pid": 89312, "source": "jittests", "thread": "main", "time": 1781308509.1550689}
{"action": "suite_start", "pid": 92999, "source": "jittests", "tests": [], "thread": "main", "time": 1781308562.3233469}
{"action": "test_start", "jitflags": "", "pid": 93000, "source": "jittests", "test": "basic/bug908915.js", "thread": "main", "time": 1781308562.324236}
{"action": "test_end", "extra": {"jitflags": "", "pid": 93000}, "jitflags": "", "message": "Success", "pid": 93000, "source": "jittests", "status": "PASS", "test": "basic/bug908915.js", "thread": "main", "time": 1781308564.35374}
{"action": "test_start", "jitflags": "--ion-eager --ion-offthread-compile=off --more-compartments", "pid": 93043, "source": "jittests", "test": "basic/bug908915.js", "thread": "main", "time": 1781308564.354311}
{"action": "test_end", "extra": {"jitflags": "--ion-eager --ion-offthread-compile=off --more-compartments", "pid": 93043}, "jitflags": "--ion-eager --ion-offthread-compile=off --more-compartments", "message": "Success", "pid": 93043, "source": "jittests", "status": "PASS", "test": "basic/bug908915.js", "thread": "main", "time": 1781308566.511332}
{"action": "test_start", "jitflags": "--ion-eager --ion-offthread-compile=off --ion-check-range-analysis --ion-extra-checks --no-sse3 --no-threads", "pid": 93530, "source": "jittests", "test": "basic/bug908915.js", "thread": "main", "time": 1781308566.511885}
{"action": "test_end", "extra": {"jitflags": "--ion-eager --ion-offthread-compile=off --ion-check-range-analysis --ion-extra-checks --no-sse3 --no-threads", "pid": 93530}, "jitflags": "--ion-eager --ion-offthread-compile=off --ion-check-range-analysis --ion-extra-checks --no-sse3 --no-threads", "message": "Success", "pid": 93530, "source": "jittests", "status": "PASS", "test": "basic/bug908915.js", "thread": "main", "time": 1781308568.626616}
{"action": "test_start", "jitflags": "--baseline-eager --write-protect-code=off", "pid": 93648, "source": "jittests", "test": "basic/bug908915.js", "thread": "main", "time": 1781308568.6271732}
{"action": "test_end", "extra": {"jitflags": "--baseline-eager --write-protect-code=off", "pid": 93648}, "jitflags": "--baseline-eager --write-protect-code=off", "message": "Success", "pid": 93648, "source": "jittests", "status": "PASS", "test": "basic/bug908915.js", "thread": "main", "time": 1781308570.1870642}
{"action": "test_start", "jitflags": "--no-blinterp --no-baseline --no-ion --more-compartments", "pid": 93711, "source": "jittests", "test": "basic/bug908915.js", "thread": "main", "time": 1781308570.1875527}
{"action": "test_end", "extra": {"jitflags": "--no-blinterp --no-baseline --no-ion --more-compartments", "pid": 93711}, "jitflags": "--no-blinterp --no-baseline --no-ion --more-compartments", "message": "Success", "pid": 93711, "source": "jittests", "status": "PASS", "test": "basic/bug908915.js", "thread": "main", "time": 1781308572.3027358}
{"action": "test_start", "jitflags": "--blinterp-eager", "pid": 93799, "source": "jittests", "test": "basic/bug908915.js", "thread": "main", "time": 1781308572.303365}
{"action": "test_end", "extra": {"jitflags": "--blinterp-eager", "pid": 93799}, "jitflags": "--blinterp-eager", "message": "Success", "pid": 93799, "source": "jittests", "status": "PASS", "test": "basic/bug908915.js", "thread": "main", "time": 1781308574.3651829}
{"action": "suite_end", "pid": 92999, "source": "jittests", "thread": "main", "time": 1781308574.365367}
